#-----------------------------------------------------------
# Vivado v2015.4 (64-bit)
# SW Build 1412921 on Wed Nov 18 09:43:45 MST 2015
# IP Build 1412160 on Tue Nov 17 13:47:24 MST 2015
# Start of session at: Thu Jun 21 22:37:45 2018
# Process ID: 13496
# Current directory: G:/Frame Compression/frame-compression
# Command line: vivado.exe -gui_launcher_event rodinguilauncherevent9012 G:\Frame Compression\frame-compression\frame-compression.xpr
# Log file: G:/Frame Compression/frame-compression/vivado.log
# Journal file: G:/Frame Compression/frame-compression\vivado.jou
#-----------------------------------------------------------
start_gui
eexit
INFO: [Common 17-206] Exiting Vivado at Fri Jun 22 00:38:42 2018...
}
INFO: [Project 1-313] Project file moved from 'C:/Users/shzhang/Desktop/frame-compression' since last save.
Scanning sources...
Finished scanning sources
CRITICAL WARNING: [Project 1-192] Failed to load run synth_1. Strategy Vivado Synthesis Defaults (Vivado Synthesis 2016) not recognized by Vivado. 

CRITICAL WARNING: [Project 1-192] Failed to load run Residual_BRAM_synth_1. Strategy Vivado Synthesis Defaults (Vivado Synthesis 2016) not recognized by Vivado. 

CRITICAL WARNING: [Project 1-192] Failed to load run synth_2. Strategy Flow_RuntimeOptimized (Vivado Synthesis 2016) not recognized by Vivado. 

CRITICAL WARNING: [Project 1-192] Failed to load run impl_1. Strategy Vivado Implementation Defaults (Vivado Implementation 2016) not recognized by Vivado. 

CRITICAL WARNING: [Project 1-192] Failed to load run Residual_BRAM_impl_1. Strategy Vivado Implementation Defaults (Vivado Implementation 2016) not recognized by Vivado. 

CRITICAL WARNING: [Project 1-192] Failed to load run impl_2. Strategy Performance_Retiming (Vivado Implementation 2016) not recognized by Vivado. 

CRITICAL WARNING: [Project 1-532] XML ERROR: Project Option CompiledLibDirXSim has no valid value
CRITICAL WARNING: [Project 1-505] Unrecognized Option Name WTXSimLaunchSim
CRITICAL WARNING: [Project 1-505] Unrecognized Option Name WTModelSimLaunchSim
CRITICAL WARNING: [Project 1-505] Unrecognized Option Name WTQuestaLaunchSim
CRITICAL WARNING: [Project 1-505] Unrecognized Option Name WTIesLaunchSim
CRITICAL WARNING: [Project 1-505] Unrecognized Option Name WTVcsLaunchSim
CRITICAL WARNING: [Project 1-505] Unrecognized Option Name WTRivieraLaunchSim
CRITICAL WARNING: [Project 1-505] Unrecognized Option Name WTActivehdlLaunchSim
CRITICAL WARNING: [Project 1-505] Unrecognized Option Name WTXSimExportSim
CRITICAL WARNING: [Project 1-505] Unrecognized Option Name WTModelSimExportSim
CRITICAL WARNING: [Project 1-505] Unrecognized Option Name WTQuestaExportSim
CRITICAL WARNING: [Project 1-505] Unrecognized Option Name WTIesExportSim
CRITICAL WARNING: [Project 1-505] Unrecognized Option Name WTVcsExportSim
CRITICAL WARNING: [Project 1-505] Unrecognized Option Name WTRivieraExportSim
CRITICAL WARNING: [Project 1-505] Unrecognized Option Name WTActivehdlExportSim
CRITICAL WARNING: [Project 1-505] Unrecognized Option Name GenerateIPUpgradeLog
WARNING: [Project 1-231] Project 'frame-compression.xpr' was created with a future version and may or may not perform reliably with this version of Vivado. It has been opened in read-only mode for the protection of unrecognized data. Use 'File | Save Project As...' if you wish to alter a copy of the project.
INFO: [IP_Flow 19-234] Refreshing IP repositories
INFO: [IP_Flow 19-1704] No user IP repositories specified
INFO: [IP_Flow 19-2313] Loaded Vivado IP repository 'D:/Xilinx/Vivado/2015.4/data/ip'.
WARNING: [IP_Flow 19-2162] IP 'Residual_BRAM' is locked:
* Project containing IP 'Residual_BRAM' is read-only.
* IP definition 'Block Memory Generator (8.3)' for IP 'Residual_BRAM' has a different revision in the IP Catalog.
Please select 'Report IP Status' from the 'Tools/Report' menu or run Tcl command 'report_ip_status' for more information.
open_project: Time (s): cpu = 00:00:08 ; elapsed = 00:00:13 . Memory (MB): peak = 788.156 ; gain = 125.641
exit
INFO: [Common 17-206] Exiting Vivado at Fri Jun 22 00:38:30 2018...
